Connecting to user MMF_9_9
Connected.
Creating tables

Table created.

Elapsed: 00:00:00.03

Table created.

Elapsed: 00:00:00.05

Table created.

Elapsed: 00:00:00.05

Table created.

Elapsed: 00:00:00.06

Table created.

Elapsed: 00:00:00.05

Table created.

Elapsed: 00:00:00.05

Table created.

Elapsed: 00:00:00.05

Table created.

Elapsed: 00:00:00.04

Table created.

Elapsed: 00:00:00.06

Table created.

Elapsed: 00:00:00.05

Table created.

Elapsed: 00:00:00.05

Table created.

Elapsed: 00:00:00.05
Creating constraints

Table altered.

Elapsed: 00:00:00.05

Table altered.

Elapsed: 00:00:00.05

Table altered.

Elapsed: 00:00:00.04

Table altered.

Elapsed: 00:00:00.02

Table altered.

Elapsed: 00:00:00.06

Table altered.

Elapsed: 00:00:00.05

Table altered.

Elapsed: 00:00:00.06

Table altered.

Elapsed: 00:00:00.04

Table altered.

Elapsed: 00:00:00.05

Table altered.

Elapsed: 00:00:00.04

Table altered.

Elapsed: 00:00:00.04

Table altered.

Elapsed: 00:00:00.04

Table altered.

Elapsed: 00:00:00.04

Table altered.

Elapsed: 00:00:00.05

Table altered.

Elapsed: 00:00:00.05

Table altered.

Elapsed: 00:00:00.06

Table altered.

Elapsed: 00:00:00.04

Table altered.

Elapsed: 00:00:00.04

Table altered.

Elapsed: 00:00:00.05
