==========
Username to create: MMF_9_9

Path of datafile location: E:\app\User\oradata\ORCL\

Calling create_tablespace.sql for data tablespace
==========
MMF_9_9_DATA
E:\app\User\oradata\ORCL\MMF_9_9_DATA.dbf
old   1: CREATE TABLESPACE &&DATA_TBS_NAME
new   1: CREATE TABLESPACE MMF_9_9_DATA
old   3:         '&&DATA_FILENAME' SIZE 10M AUTOEXTEND ON NEXT 10M MAXSIZE 10G
new   3:         'E:\app\User\oradata\ORCL\MMF_9_9_DATA.dbf' SIZE 10M AUTOEXTEND ON NEXT 10M MAXSIZE 10G

Tablespace created.

Elapsed: 00:00:01.07

==========
Calling create_user.sql
==========
Enter value for user_name: MMF_9_9
old   1: CREATE USER &&SCHEMA_NAME
new   1: CREATE USER MMF_9_9
old   2:   IDENTIFIED BY &&SCHEMA_PASSWORD
new   2:   IDENTIFIED BY oracle
old   3:   DEFAULT TABLESPACE &&DEFAULT_TBS
new   3:   DEFAULT TABLESPACE MMF_9_9_DATA
old   5:     QUOTA 20M on &&DEFAULT_TBS
new   5:     QUOTA 20M on MMF_9_9_DATA

User created.

Elapsed: 00:00:00.02
==========
Calling user_privilege.sql for MMF_9_9
==========
old   1: GRANT CREATE PROCEDURE TO &&SCHEMA_NAME
new   1: GRANT CREATE PROCEDURE TO MMF_9_9

Grant succeeded.

Elapsed: 00:00:00.00
old   1: GRANT CREATE SEQUENCE TO &&SCHEMA_NAME
new   1: GRANT CREATE SEQUENCE TO MMF_9_9

Grant succeeded.

Elapsed: 00:00:00.00
old   1: GRANT CREATE TABLE TO &&SCHEMA_NAME
new   1: GRANT CREATE TABLE TO MMF_9_9

Grant succeeded.

Elapsed: 00:00:00.00
old   1: GRANT CREATE TYPE TO &&SCHEMA_NAME
new   1: GRANT CREATE TYPE TO MMF_9_9

Grant succeeded.

Elapsed: 00:00:00.00
old   1: GRANT CREATE TRIGGER TO &&SCHEMA_NAME
new   1: GRANT CREATE TRIGGER TO MMF_9_9

Grant succeeded.

Elapsed: 00:00:00.00
old   1: GRANT CREATE SYNONYM TO &&SCHEMA_NAME
new   1: GRANT CREATE SYNONYM TO MMF_9_9

Grant succeeded.

Elapsed: 00:00:00.00
old   1: GRANT CREATE SESSION TO &&SCHEMA_NAME
new   1: GRANT CREATE SESSION TO MMF_9_9

Grant succeeded.

Elapsed: 00:00:00.02
old   1: GRANT CREATE ANY DIRECTORY TO &&SCHEMA_NAME
new   1: GRANT CREATE ANY DIRECTORY TO MMF_9_9

Grant succeeded.

Elapsed: 00:00:00.04
